<?xml version="1.0" encoding="UTF-8"?>
<testsuite xmlns:xsi="http://www.w3.org/2001/XMLSchema-instance" xsi:noNamespaceSchemaLocation="https://maven.apache.org/surefire/maven-surefire-plugin/xsd/surefire-test-report.xsd" version="3.0.2" name="dev.api.pokestop.PokestopApplicationTests" time="10.369" tests="1" errors="0" skipped="0" failures="0">
  <properties>
    <property name="java.specification.version" value="21"/>
    <property name="sun.cpu.isalist" value="amd64"/>
    <property name="sun.jnu.encoding" value="Cp1252"/>
    <property name="java.class.path" value="E:\Users\10051800\Documents\Github personal\pokeback\target\test-classes;E:\Users\10051800\Documents\Github personal\pokeback\target\classes;E:\Users\10051800\.m2\repository\org\springframework\boot\spring-boot-starter-web\3.5.3\spring-boot-starter-web-3.5.3.jar;E:\Users\10051800\.m2\repository\org\springframework\boot\spring-boot-starter\3.5.3\spring-boot-starter-3.5.3.jar;E:\Users\10051800\.m2\repository\org\springframework\boot\spring-boot\3.5.3\spring-boot-3.5.3.jar;E:\Users\10051800\.m2\repository\org\springframework\boot\spring-boot-autoconfigure\3.5.3\spring-boot-autoconfigure-3.5.3.jar;E:\Users\10051800\.m2\repository\org\springframework\boot\spring-boot-starter-logging\3.5.3\spring-boot-starter-logging-3.5.3.jar;E:\Users\10051800\.m2\repository\ch\qos\logback\logback-classic\1.5.18\logback-classic-1.5.18.jar;E:\Users\10051800\.m2\repository\ch\qos\logback\logback-core\1.5.18\logback-core-1.5.18.jar;E:\Users\10051800\.m2\repository\org\apache\logging\log4j\log4j-to-slf4j\2.24.3\log4j-to-slf4j-2.24.3.jar;E:\Users\10051800\.m2\repository\org\apache\logging\log4j\log4j-api\2.24.3\log4j-api-2.24.3.jar;E:\Users\10051800\.m2\repository\org\slf4j\jul-to-slf4j\2.0.17\jul-to-slf4j-2.0.17.jar;E:\Users\10051800\.m2\repository\jakarta\annotation\jakarta.annotation-api\2.1.1\jakarta.annotation-api-2.1.1.jar;E:\Users\10051800\.m2\repository\org\yaml\snakeyaml\2.4\snakeyaml-2.4.jar;E:\Users\10051800\.m2\repository\org\springframework\boot\spring-boot-starter-json\3.5.3\spring-boot-starter-json-3.5.3.jar;E:\Users\10051800\.m2\repository\com\fasterxml\jackson\datatype\jackson-datatype-jdk8\2.19.1\jackson-datatype-jdk8-2.19.1.jar;E:\Users\10051800\.m2\repository\com\fasterxml\jackson\datatype\jackson-datatype-jsr310\2.19.1\jackson-datatype-jsr310-2.19.1.jar;E:\Users\10051800\.m2\repository\com\fasterxml\jackson\module\jackson-module-parameter-names\2.19.1\jackson-module-parameter-names-2.19.1.jar;E:\Users\10051800\.m2\repository\org\springframework\boot\spring-boot-starter-tomcat\3.5.3\spring-boot-starter-tomcat-3.5.3.jar;E:\Users\10051800\.m2\repository\org\apache\tomcat\embed\tomcat-embed-core\10.1.42\tomcat-embed-core-10.1.42.jar;E:\Users\10051800\.m2\repository\org\apache\tomcat\embed\tomcat-embed-el\10.1.42\tomcat-embed-el-10.1.42.jar;E:\Users\10051800\.m2\repository\org\apache\tomcat\embed\tomcat-embed-websocket\10.1.42\tomcat-embed-websocket-10.1.42.jar;E:\Users\10051800\.m2\repository\org\springframework\spring-web\6.2.8\spring-web-6.2.8.jar;E:\Users\10051800\.m2\repository\org\springframework\spring-beans\6.2.8\spring-beans-6.2.8.jar;E:\Users\10051800\.m2\repository\io\micrometer\micrometer-observation\1.15.1\micrometer-observation-1.15.1.jar;E:\Users\10051800\.m2\repository\io\micrometer\micrometer-commons\1.15.1\micrometer-commons-1.15.1.jar;E:\Users\10051800\.m2\repository\org\springframework\spring-webmvc\6.2.8\spring-webmvc-6.2.8.jar;E:\Users\10051800\.m2\repository\org\springframework\spring-aop\6.2.8\spring-aop-6.2.8.jar;E:\Users\10051800\.m2\repository\org\springframework\spring-context\6.2.8\spring-context-6.2.8.jar;E:\Users\10051800\.m2\repository\org\springframework\spring-expression\6.2.8\spring-expression-6.2.8.jar;E:\Users\10051800\.m2\repository\com\fasterxml\jackson\core\jackson-databind\2.15.2\jackson-databind-2.15.2.jar;E:\Users\10051800\.m2\repository\com\fasterxml\jackson\core\jackson-annotations\2.19.1\jackson-annotations-2.19.1.jar;E:\Users\10051800\.m2\repository\com\fasterxml\jackson\core\jackson-core\2.19.1\jackson-core-2.19.1.jar;E:\Users\10051800\.m2\repository\com\google\firebase\firebase-admin\9.5.0\firebase-admin-9.5.0.jar;E:\Users\10051800\.m2\repository\com\google\auth\google-auth-library-oauth2-http\1.33.1\google-auth-library-oauth2-http-1.33.1.jar;E:\Users\10051800\.m2\repository\com\google\auto\value\auto-value-annotations\1.11.0\auto-value-annotations-1.11.0.jar;E:\Users\10051800\.m2\repository\com\google\code\findbugs\jsr305\3.0.2\jsr305-3.0.2.jar;E:\Users\10051800\.m2\repository\com\google\auth\google-auth-library-credentials\1.33.1\google-auth-library-credentials-1.33.1.jar;E:\Users\10051800\.m2\repository\com\google\http-client\google-http-client-gson\1.46.2\google-http-client-gson-1.46.2.jar;E:\Users\10051800\.m2\repository\com\google\errorprone\error_prone_annotations\2.36.0\error_prone_annotations-2.36.0.jar;E:\Users\10051800\.m2\repository\com\google\code\gson\gson\2.13.1\gson-2.13.1.jar;E:\Users\10051800\.m2\repository\com\google\api-client\google-api-client\2.7.2\google-api-client-2.7.2.jar;E:\Users\10051800\.m2\repository\commons-codec\commons-codec\1.18.0\commons-codec-1.18.0.jar;E:\Users\10051800\.m2\repository\com\google\oauth-client\google-oauth-client\1.36.0\google-oauth-client-1.36.0.jar;E:\Users\10051800\.m2\repository\com\google\http-client\google-http-client-apache-v2\1.45.2\google-http-client-apache-v2-1.45.2.jar;E:\Users\10051800\.m2\repository\org\apache\httpcomponents\httpcore\4.4.16\httpcore-4.4.16.jar;E:\Users\10051800\.m2\repository\org\apache\httpcomponents\httpclient\4.5.14\httpclient-4.5.14.jar;E:\Users\10051800\.m2\repository\commons-logging\commons-logging\1.2\commons-logging-1.2.jar;E:\Users\10051800\.m2\repository\com\google\api-client\google-api-client-gson\2.7.2\google-api-client-gson-2.7.2.jar;E:\Users\10051800\.m2\repository\com\google\http-client\google-http-client\1.46.3\google-http-client-1.46.3.jar;E:\Users\10051800\.m2\repository\com\google\j2objc\j2objc-annotations\3.0.0\j2objc-annotations-3.0.0.jar;E:\Users\10051800\.m2\repository\io\grpc\grpc-context\1.70.0\grpc-context-1.70.0.jar;E:\Users\10051800\.m2\repository\io\opencensus\opencensus-api\0.31.1\opencensus-api-0.31.1.jar;E:\Users\10051800\.m2\repository\io\opencensus\opencensus-contrib-http-util\0.31.1\opencensus-contrib-http-util-0.31.1.jar;E:\Users\10051800\.m2\repository\com\google\api\api-common\2.46.1\api-common-2.46.1.jar;E:\Users\10051800\.m2\repository\javax\annotation\javax.annotation-api\1.3.2\javax.annotation-api-1.3.2.jar;E:\Users\10051800\.m2\repository\com\google\cloud\google-cloud-storage\2.50.0\google-cloud-storage-2.50.0.jar;E:\Users\10051800\.m2\repository\com\google\guava\failureaccess\1.0.2\failureaccess-1.0.2.jar;E:\Users\10051800\.m2\repository\com\google\guava\listenablefuture\9999.0-empty-to-avoid-conflict-with-guava\listenablefuture-9999.0-empty-to-avoid-conflict-with-guava.jar;E:\Users\10051800\.m2\repository\com\google\http-client\google-http-client-jackson2\1.46.3\google-http-client-jackson2-1.46.3.jar;E:\Users\10051800\.m2\repository\com\google\apis\google-api-services-storage\v1-rev20250224-2.0.0\google-api-services-storage-v1-rev20250224-2.0.0.jar;E:\Users\10051800\.m2\repository\com\google\cloud\google-cloud-core\2.53.1\google-cloud-core-2.53.1.jar;E:\Users\10051800\.m2\repository\com\google\cloud\google-cloud-core-http\2.53.1\google-cloud-core-http-2.53.1.jar;E:\Users\10051800\.m2\repository\com\google\http-client\google-http-client-appengine\1.46.3\google-http-client-appengine-1.46.3.jar;E:\Users\10051800\.m2\repository\com\google\api\gax-httpjson\2.63.1\gax-httpjson-2.63.1.jar;E:\Users\10051800\.m2\repository\com\google\cloud\google-cloud-core-grpc\2.53.1\google-cloud-core-grpc-2.53.1.jar;E:\Users\10051800\.m2\repository\com\google\api\gax\2.63.1\gax-2.63.1.jar;E:\Users\10051800\.m2\repository\com\google\api\gax-grpc\2.63.1\gax-grpc-2.63.1.jar;E:\Users\10051800\.m2\repository\io\grpc\grpc-inprocess\1.70.0\grpc-inprocess-1.70.0.jar;E:\Users\10051800\.m2\repository\io\grpc\grpc-alts\1.70.0\grpc-alts-1.70.0.jar;E:\Users\10051800\.m2\repository\io\grpc\grpc-grpclb\1.70.0\grpc-grpclb-1.70.0.jar;E:\Users\10051800\.m2\repository\org\conscrypt\conscrypt-openjdk-uber\2.5.2\conscrypt-openjdk-uber-2.5.2.jar;E:\Users\10051800\.m2\repository\io\grpc\grpc-auth\1.70.0\grpc-auth-1.70.0.jar;E:\Users\10051800\.m2\repository\io\opentelemetry\opentelemetry-context\1.49.0\opentelemetry-context-1.49.0.jar;E:\Users\10051800\.m2\repository\com\google\api\grpc\proto-google-iam-v1\1.49.1\proto-google-iam-v1-1.49.1.jar;E:\Users\10051800\.m2\repository\com\google\protobuf\protobuf-java\3.25.5\protobuf-java-3.25.5.jar;E:\Users\10051800\.m2\repository\com\google\protobuf\protobuf-java-util\3.25.5\protobuf-java-util-3.25.5.jar;E:\Users\10051800\.m2\repository\io\grpc\grpc-core\1.70.0\grpc-core-1.70.0.jar;E:\Users\10051800\.m2\repository\com\google\android\annotations\4.1.1.4\annotations-4.1.1.4.jar;E:\Users\10051800\.m2\repository\org\codehaus\mojo\animal-sniffer-annotations\1.24\animal-sniffer-annotations-1.24.jar;E:\Users\10051800\.m2\repository\io\perfmark\perfmark-api\0.27.0\perfmark-api-0.27.0.jar;E:\Users\10051800\.m2\repository\io\grpc\grpc-protobuf\1.70.0\grpc-protobuf-1.70.0.jar;E:\Users\10051800\.m2\repository\io\grpc\grpc-protobuf-lite\1.70.0\grpc-protobuf-lite-1.70.0.jar;E:\Users\10051800\.m2\repository\com\google\api\grpc\proto-google-common-protos\2.54.1\proto-google-common-protos-2.54.1.jar;E:\Users\10051800\.m2\repository\org\threeten\threetenbp\1.7.0\threetenbp-1.7.0.jar;E:\Users\10051800\.m2\repository\com\google\api\grpc\proto-google-cloud-storage-v2\2.50.0\proto-google-cloud-storage-v2-2.50.0.jar;E:\Users\10051800\.m2\repository\com\google\api\grpc\grpc-google-cloud-storage-v2\2.50.0\grpc-google-cloud-storage-v2-2.50.0.jar;E:\Users\10051800\.m2\repository\com\google\api\grpc\gapic-google-cloud-storage-v2\2.50.0\gapic-google-cloud-storage-v2-2.50.0.jar;E:\Users\10051800\.m2\repository\io\opentelemetry\opentelemetry-sdk\1.49.0\opentelemetry-sdk-1.49.0.jar;E:\Users\10051800\.m2\repository\io\opentelemetry\opentelemetry-sdk-trace\1.49.0\opentelemetry-sdk-trace-1.49.0.jar;E:\Users\10051800\.m2\repository\io\opentelemetry\opentelemetry-sdk-logs\1.49.0\opentelemetry-sdk-logs-1.49.0.jar;E:\Users\10051800\.m2\repository\io\grpc\grpc-opentelemetry\1.70.0\grpc-opentelemetry-1.70.0.jar;E:\Users\10051800\.m2\repository\io\opentelemetry\opentelemetry-api\1.49.0\opentelemetry-api-1.49.0.jar;E:\Users\10051800\.m2\repository\io\opentelemetry\opentelemetry-sdk-metrics\1.49.0\opentelemetry-sdk-metrics-1.49.0.jar;E:\Users\10051800\.m2\repository\io\opentelemetry\opentelemetry-sdk-common\1.49.0\opentelemetry-sdk-common-1.49.0.jar;E:\Users\10051800\.m2\repository\io\opentelemetry\opentelemetry-sdk-extension-autoconfigure-spi\1.49.0\opentelemetry-sdk-extension-autoconfigure-spi-1.49.0.jar;E:\Users\10051800\.m2\repository\io\opentelemetry\semconv\opentelemetry-semconv\1.27.0-alpha\opentelemetry-semconv-1.27.0-alpha.jar;E:\Users\10051800\.m2\repository\com\google\cloud\opentelemetry\exporter-metrics\0.33.0\exporter-metrics-0.33.0.jar;E:\Users\10051800\.m2\repository\com\google\cloud\google-cloud-monitoring\3.52.0\google-cloud-monitoring-3.52.0.jar;E:\Users\10051800\.m2\repository\com\google\api\grpc\proto-google-cloud-monitoring-v3\3.52.0\proto-google-cloud-monitoring-v3-3.52.0.jar;E:\Users\10051800\.m2\repository\com\google\cloud\opentelemetry\shared-resourcemapping\0.33.0\shared-resourcemapping-0.33.0.jar;E:\Users\10051800\.m2\repository\io\opentelemetry\contrib\opentelemetry-gcp-resources\1.37.0-alpha\opentelemetry-gcp-resources-1.37.0-alpha.jar;E:\Users\10051800\.m2\repository\com\google\cloud\opentelemetry\detector-resources-support\0.33.0\detector-resources-support-0.33.0.jar;E:\Users\10051800\.m2\repository\org\checkerframework\checker-qual\3.49.0\checker-qual-3.49.0.jar;E:\Users\10051800\.m2\repository\io\grpc\grpc-api\1.70.0\grpc-api-1.70.0.jar;E:\Users\10051800\.m2\repository\io\grpc\grpc-netty-shaded\1.70.0\grpc-netty-shaded-1.70.0.jar;E:\Users\10051800\.m2\repository\io\grpc\grpc-util\1.70.0\grpc-util-1.70.0.jar;E:\Users\10051800\.m2\repository\io\grpc\grpc-stub\1.70.0\grpc-stub-1.70.0.jar;E:\Users\10051800\.m2\repository\io\grpc\grpc-googleapis\1.70.0\grpc-googleapis-1.70.0.jar;E:\Users\10051800\.m2\repository\io\grpc\grpc-xds\1.70.0\grpc-xds-1.70.0.jar;E:\Users\10051800\.m2\repository\io\grpc\grpc-services\1.70.0\grpc-services-1.70.0.jar;E:\Users\10051800\.m2\repository\com\google\re2j\re2j\1.7\re2j-1.7.jar;E:\Users\10051800\.m2\repository\io\grpc\grpc-rls\1.70.0\grpc-rls-1.70.0.jar;E:\Users\10051800\.m2\repository\com\google\cloud\google-cloud-firestore\3.30.11\google-cloud-firestore-3.30.11.jar;E:\Users\10051800\.m2\repository\com\google\api\grpc\proto-google-cloud-firestore-v1\3.30.11\proto-google-cloud-firestore-v1-3.30.11.jar;E:\Users\10051800\.m2\repository\com\google\cloud\proto-google-cloud-firestore-bundle-v1\3.30.11\proto-google-cloud-firestore-bundle-v1-3.30.11.jar;E:\Users\10051800\.m2\repository\io\opentelemetry\instrumentation\opentelemetry-grpc-1.6\2.1.0-alpha\opentelemetry-grpc-1.6-2.1.0-alpha.jar;E:\Users\10051800\.m2\repository\io\opentelemetry\instrumentation\opentelemetry-instrumentation-api\2.1.0\opentelemetry-instrumentation-api-2.1.0.jar;E:\Users\10051800\.m2\repository\io\opentelemetry\opentelemetry-extension-incubator\1.35.0-alpha\opentelemetry-extension-incubator-1.35.0-alpha.jar;E:\Users\10051800\.m2\repository\io\opentelemetry\instrumentation\opentelemetry-instrumentation-api-incubator\2.1.0-alpha\opentelemetry-instrumentation-api-incubator-2.1.0-alpha.jar;E:\Users\10051800\.m2\repository\com\google\guava\guava\33.4.0-jre\guava-33.4.0-jre.jar;E:\Users\10051800\.m2\repository\org\slf4j\slf4j-api\2.0.17\slf4j-api-2.0.17.jar;E:\Users\10051800\.m2\repository\io\netty\netty-codec-http\4.1.122.Final\netty-codec-http-4.1.122.Final.jar;E:\Users\10051800\.m2\repository\io\netty\netty-common\4.1.122.Final\netty-common-4.1.122.Final.jar;E:\Users\10051800\.m2\repository\io\netty\netty-buffer\4.1.122.Final\netty-buffer-4.1.122.Final.jar;E:\Users\10051800\.m2\repository\io\netty\netty-codec\4.1.122.Final\netty-codec-4.1.122.Final.jar;E:\Users\10051800\.m2\repository\io\netty\netty-handler\4.1.122.Final\netty-handler-4.1.122.Final.jar;E:\Users\10051800\.m2\repository\io\netty\netty-resolver\4.1.122.Final\netty-resolver-4.1.122.Final.jar;E:\Users\10051800\.m2\repository\io\netty\netty-transport-native-unix-common\4.1.122.Final\netty-transport-native-unix-common-4.1.122.Final.jar;E:\Users\10051800\.m2\repository\io\netty\netty-transport\4.1.122.Final\netty-transport-4.1.122.Final.jar;E:\Users\10051800\.m2\repository\org\apache\httpcomponents\client5\httpclient5\5.5\httpclient5-5.5.jar;E:\Users\10051800\.m2\repository\org\apache\httpcomponents\core5\httpcore5\5.3.4\httpcore5-5.3.4.jar;E:\Users\10051800\.m2\repository\org\apache\httpcomponents\core5\httpcore5-h2\5.3.4\httpcore5-h2-5.3.4.jar;E:\Users\10051800\.m2\repository\org\projectlombok\lombok\1.18.38\lombok-1.18.38.jar;E:\Users\10051800\.m2\repository\org\springframework\boot\spring-boot-starter-test\3.5.3\spring-boot-starter-test-3.5.3.jar;E:\Users\10051800\.m2\repository\org\springframework\boot\spring-boot-test\3.5.3\spring-boot-test-3.5.3.jar;E:\Users\10051800\.m2\repository\org\springframework\boot\spring-boot-test-autoconfigure\3.5.3\spring-boot-test-autoconfigure-3.5.3.jar;E:\Users\10051800\.m2\repository\com\jayway\jsonpath\json-path\2.9.0\json-path-2.9.0.jar;E:\Users\10051800\.m2\repository\jakarta\xml\bind\jakarta.xml.bind-api\4.0.2\jakarta.xml.bind-api-4.0.2.jar;E:\Users\10051800\.m2\repository\jakarta\activation\jakarta.activation-api\2.1.3\jakarta.activation-api-2.1.3.jar;E:\Users\10051800\.m2\repository\net\minidev\json-smart\2.5.2\json-smart-2.5.2.jar;E:\Users\10051800\.m2\repository\net\minidev\accessors-smart\2.5.2\accessors-smart-2.5.2.jar;E:\Users\10051800\.m2\repository\org\ow2\asm\asm\9.7.1\asm-9.7.1.jar;E:\Users\10051800\.m2\repository\org\assertj\assertj-core\3.27.3\assertj-core-3.27.3.jar;E:\Users\10051800\.m2\repository\net\bytebuddy\byte-buddy\1.17.6\byte-buddy-1.17.6.jar;E:\Users\10051800\.m2\repository\org\awaitility\awaitility\4.2.2\awaitility-4.2.2.jar;E:\Users\10051800\.m2\repository\org\hamcrest\hamcrest\3.0\hamcrest-3.0.jar;E:\Users\10051800\.m2\repository\org\junit\jupiter\junit-jupiter\5.12.2\junit-jupiter-5.12.2.jar;E:\Users\10051800\.m2\repository\org\junit\jupiter\junit-jupiter-api\5.12.2\junit-jupiter-api-5.12.2.jar;E:\Users\10051800\.m2\repository\org\opentest4j\opentest4j\1.3.0\opentest4j-1.3.0.jar;E:\Users\10051800\.m2\repository\org\junit\platform\junit-platform-commons\1.12.2\junit-platform-commons-1.12.2.jar;E:\Users\10051800\.m2\repository\org\apiguardian\apiguardian-api\1.1.2\apiguardian-api-1.1.2.jar;E:\Users\10051800\.m2\repository\org\junit\jupiter\junit-jupiter-params\5.12.2\junit-jupiter-params-5.12.2.jar;E:\Users\10051800\.m2\repository\org\junit\jupiter\junit-jupiter-engine\5.12.2\junit-jupiter-engine-5.12.2.jar;E:\Users\10051800\.m2\repository\org\junit\platform\junit-platform-engine\1.12.2\junit-platform-engine-1.12.2.jar;E:\Users\10051800\.m2\repository\org\mockito\mockito-core\5.17.0\mockito-core-5.17.0.jar;E:\Users\10051800\.m2\repository\net\bytebuddy\byte-buddy-agent\1.17.6\byte-buddy-agent-1.17.6.jar;E:\Users\10051800\.m2\repository\org\objenesis\objenesis\3.3\objenesis-3.3.jar;E:\Users\10051800\.m2\repository\org\mockito\mockito-junit-jupiter\5.17.0\mockito-junit-jupiter-5.17.0.jar;E:\Users\10051800\.m2\repository\org\skyscreamer\jsonassert\1.5.3\jsonassert-1.5.3.jar;E:\Users\10051800\.m2\repository\com\vaadin\external\google\android-json\0.0.20131108.vaadin1\android-json-0.0.20131108.vaadin1.jar;E:\Users\10051800\.m2\repository\org\springframework\spring-core\6.2.8\spring-core-6.2.8.jar;E:\Users\10051800\.m2\repository\org\springframework\spring-jcl\6.2.8\spring-jcl-6.2.8.jar;E:\Users\10051800\.m2\repository\org\springframework\spring-test\6.2.8\spring-test-6.2.8.jar;E:\Users\10051800\.m2\repository\org\xmlunit\xmlunit-core\2.10.2\xmlunit-core-2.10.2.jar;"/>
    <property name="java.vm.vendor" value="Microsoft"/>
    <property name="sun.arch.data.model" value="64"/>
    <property name="user.variant" value=""/>
    <property name="java.vendor.url" value="https://www.microsoft.com"/>
    <property name="user.timezone" value="America/Mexico_City"/>
    <property name="os.name" value="Windows 11"/>
    <property name="java.vm.specification.version" value="21"/>
    <property name="APPLICATION_NAME" value="pokestop"/>
    <property name="user.country" value="MX"/>
    <property name="sun.java.launcher" value="SUN_STANDARD"/>
    <property name="sun.boot.library.path" value="E:\Users\10051800\.jdks\ms-21.0.8\bin"/>
    <property name="sun.java.command" value="E:\Users\10051800\AppData\Local\Temp\surefire15743781063964407149\surefirebooter-20250915144133082_3.jar E:\Users\10051800\AppData\Local\Temp\surefire15743781063964407149 2025-09-15T14-41-32_975-jvmRun1 surefire-20250915144133082_1tmp surefire_0-20250915144133082_2tmp"/>
    <property name="jdk.debug" value="release"/>
    <property name="surefire.test.class.path" value="E:\Users\10051800\Documents\Github personal\pokeback\target\test-classes;E:\Users\10051800\Documents\Github personal\pokeback\target\classes;E:\Users\10051800\.m2\repository\org\springframework\boot\spring-boot-starter-web\3.5.3\spring-boot-starter-web-3.5.3.jar;E:\Users\10051800\.m2\repository\org\springframework\boot\spring-boot-starter\3.5.3\spring-boot-starter-3.5.3.jar;E:\Users\10051800\.m2\repository\org\springframework\boot\spring-boot\3.5.3\spring-boot-3.5.3.jar;E:\Users\10051800\.m2\repository\org\springframework\boot\spring-boot-autoconfigure\3.5.3\spring-boot-autoconfigure-3.5.3.jar;E:\Users\10051800\.m2\repository\org\springframework\boot\spring-boot-starter-logging\3.5.3\spring-boot-starter-logging-3.5.3.jar;E:\Users\10051800\.m2\repository\ch\qos\logback\logback-classic\1.5.18\logback-classic-1.5.18.jar;E:\Users\10051800\.m2\repository\ch\qos\logback\logback-core\1.5.18\logback-core-1.5.18.jar;E:\Users\10051800\.m2\repository\org\apache\logging\log4j\log4j-to-slf4j\2.24.3\log4j-to-slf4j-2.24.3.jar;E:\Users\10051800\.m2\repository\org\apache\logging\log4j\log4j-api\2.24.3\log4j-api-2.24.3.jar;E:\Users\10051800\.m2\repository\org\slf4j\jul-to-slf4j\2.0.17\jul-to-slf4j-2.0.17.jar;E:\Users\10051800\.m2\repository\jakarta\annotation\jakarta.annotation-api\2.1.1\jakarta.annotation-api-2.1.1.jar;E:\Users\10051800\.m2\repository\org\yaml\snakeyaml\2.4\snakeyaml-2.4.jar;E:\Users\10051800\.m2\repository\org\springframework\boot\spring-boot-starter-json\3.5.3\spring-boot-starter-json-3.5.3.jar;E:\Users\10051800\.m2\repository\com\fasterxml\jackson\datatype\jackson-datatype-jdk8\2.19.1\jackson-datatype-jdk8-2.19.1.jar;E:\Users\10051800\.m2\repository\com\fasterxml\jackson\datatype\jackson-datatype-jsr310\2.19.1\jackson-datatype-jsr310-2.19.1.jar;E:\Users\10051800\.m2\repository\com\fasterxml\jackson\module\jackson-module-parameter-names\2.19.1\jackson-module-parameter-names-2.19.1.jar;E:\Users\10051800\.m2\repository\org\springframework\boot\spring-boot-starter-tomcat\3.5.3\spring-boot-starter-tomcat-3.5.3.jar;E:\Users\10051800\.m2\repository\org\apache\tomcat\embed\tomcat-embed-core\10.1.42\tomcat-embed-core-10.1.42.jar;E:\Users\10051800\.m2\repository\org\apache\tomcat\embed\tomcat-embed-el\10.1.42\tomcat-embed-el-10.1.42.jar;E:\Users\10051800\.m2\repository\org\apache\tomcat\embed\tomcat-embed-websocket\10.1.42\tomcat-embed-websocket-10.1.42.jar;E:\Users\10051800\.m2\repository\org\springframework\spring-web\6.2.8\spring-web-6.2.8.jar;E:\Users\10051800\.m2\repository\org\springframework\spring-beans\6.2.8\spring-beans-6.2.8.jar;E:\Users\10051800\.m2\repository\io\micrometer\micrometer-observation\1.15.1\micrometer-observation-1.15.1.jar;E:\Users\10051800\.m2\repository\io\micrometer\micrometer-commons\1.15.1\micrometer-commons-1.15.1.jar;E:\Users\10051800\.m2\repository\org\springframework\spring-webmvc\6.2.8\spring-webmvc-6.2.8.jar;E:\Users\10051800\.m2\repository\org\springframework\spring-aop\6.2.8\spring-aop-6.2.8.jar;E:\Users\10051800\.m2\repository\org\springframework\spring-context\6.2.8\spring-context-6.2.8.jar;E:\Users\10051800\.m2\repository\org\springframework\spring-expression\6.2.8\spring-expression-6.2.8.jar;E:\Users\10051800\.m2\repository\com\fasterxml\jackson\core\jackson-databind\2.15.2\jackson-databind-2.15.2.jar;E:\Users\10051800\.m2\repository\com\fasterxml\jackson\core\jackson-annotations\2.19.1\jackson-annotations-2.19.1.jar;E:\Users\10051800\.m2\repository\com\fasterxml\jackson\core\jackson-core\2.19.1\jackson-core-2.19.1.jar;E:\Users\10051800\.m2\repository\com\google\firebase\firebase-admin\9.5.0\firebase-admin-9.5.0.jar;E:\Users\10051800\.m2\repository\com\google\auth\google-auth-library-oauth2-http\1.33.1\google-auth-library-oauth2-http-1.33.1.jar;E:\Users\10051800\.m2\repository\com\google\auto\value\auto-value-annotations\1.11.0\auto-value-annotations-1.11.0.jar;E:\Users\10051800\.m2\repository\com\google\code\findbugs\jsr305\3.0.2\jsr305-3.0.2.jar;E:\Users\10051800\.m2\repository\com\google\auth\google-auth-library-credentials\1.33.1\google-auth-library-credentials-1.33.1.jar;E:\Users\10051800\.m2\repository\com\google\http-client\google-http-client-gson\1.46.2\google-http-client-gson-1.46.2.jar;E:\Users\10051800\.m2\repository\com\google\errorprone\error_prone_annotations\2.36.0\error_prone_annotations-2.36.0.jar;E:\Users\10051800\.m2\repository\com\google\code\gson\gson\2.13.1\gson-2.13.1.jar;E:\Users\10051800\.m2\repository\com\google\api-client\google-api-client\2.7.2\google-api-client-2.7.2.jar;E:\Users\10051800\.m2\repository\commons-codec\commons-codec\1.18.0\commons-codec-1.18.0.jar;E:\Users\10051800\.m2\repository\com\google\oauth-client\google-oauth-client\1.36.0\google-oauth-client-1.36.0.jar;E:\Users\10051800\.m2\repository\com\google\http-client\google-http-client-apache-v2\1.45.2\google-http-client-apache-v2-1.45.2.jar;E:\Users\10051800\.m2\repository\org\apache\httpcomponents\httpcore\4.4.16\httpcore-4.4.16.jar;E:\Users\10051800\.m2\repository\org\apache\httpcomponents\httpclient\4.5.14\httpclient-4.5.14.jar;E:\Users\10051800\.m2\repository\commons-logging\commons-logging\1.2\commons-logging-1.2.jar;E:\Users\10051800\.m2\repository\com\google\api-client\google-api-client-gson\2.7.2\google-api-client-gson-2.7.2.jar;E:\Users\10051800\.m2\repository\com\google\http-client\google-http-client\1.46.3\google-http-client-1.46.3.jar;E:\Users\10051800\.m2\repository\com\google\j2objc\j2objc-annotations\3.0.0\j2objc-annotations-3.0.0.jar;E:\Users\10051800\.m2\repository\io\grpc\grpc-context\1.70.0\grpc-context-1.70.0.jar;E:\Users\10051800\.m2\repository\io\opencensus\opencensus-api\0.31.1\opencensus-api-0.31.1.jar;E:\Users\10051800\.m2\repository\io\opencensus\opencensus-contrib-http-util\0.31.1\opencensus-contrib-http-util-0.31.1.jar;E:\Users\10051800\.m2\repository\com\google\api\api-common\2.46.1\api-common-2.46.1.jar;E:\Users\10051800\.m2\repository\javax\annotation\javax.annotation-api\1.3.2\javax.annotation-api-1.3.2.jar;E:\Users\10051800\.m2\repository\com\google\cloud\google-cloud-storage\2.50.0\google-cloud-storage-2.50.0.jar;E:\Users\10051800\.m2\repository\com\google\guava\failureaccess\1.0.2\failureaccess-1.0.2.jar;E:\Users\10051800\.m2\repository\com\google\guava\listenablefuture\9999.0-empty-to-avoid-conflict-with-guava\listenablefuture-9999.0-empty-to-avoid-conflict-with-guava.jar;E:\Users\10051800\.m2\repository\com\google\http-client\google-http-client-jackson2\1.46.3\google-http-client-jackson2-1.46.3.jar;E:\Users\10051800\.m2\repository\com\google\apis\google-api-services-storage\v1-rev20250224-2.0.0\google-api-services-storage-v1-rev20250224-2.0.0.jar;E:\Users\10051800\.m2\repository\com\google\cloud\google-cloud-core\2.53.1\google-cloud-core-2.53.1.jar;E:\Users\10051800\.m2\repository\com\google\cloud\google-cloud-core-http\2.53.1\google-cloud-core-http-2.53.1.jar;E:\Users\10051800\.m2\repository\com\google\http-client\google-http-client-appengine\1.46.3\google-http-client-appengine-1.46.3.jar;E:\Users\10051800\.m2\repository\com\google\api\gax-httpjson\2.63.1\gax-httpjson-2.63.1.jar;E:\Users\10051800\.m2\repository\com\google\cloud\google-cloud-core-grpc\2.53.1\google-cloud-core-grpc-2.53.1.jar;E:\Users\10051800\.m2\repository\com\google\api\gax\2.63.1\gax-2.63.1.jar;E:\Users\10051800\.m2\repository\com\google\api\gax-grpc\2.63.1\gax-grpc-2.63.1.jar;E:\Users\10051800\.m2\repository\io\grpc\grpc-inprocess\1.70.0\grpc-inprocess-1.70.0.jar;E:\Users\10051800\.m2\repository\io\grpc\grpc-alts\1.70.0\grpc-alts-1.70.0.jar;E:\Users\10051800\.m2\repository\io\grpc\grpc-grpclb\1.70.0\grpc-grpclb-1.70.0.jar;E:\Users\10051800\.m2\repository\org\conscrypt\conscrypt-openjdk-uber\2.5.2\conscrypt-openjdk-uber-2.5.2.jar;E:\Users\10051800\.m2\repository\io\grpc\grpc-auth\1.70.0\grpc-auth-1.70.0.jar;E:\Users\10051800\.m2\repository\io\opentelemetry\opentelemetry-context\1.49.0\opentelemetry-context-1.49.0.jar;E:\Users\10051800\.m2\repository\com\google\api\grpc\proto-google-iam-v1\1.49.1\proto-google-iam-v1-1.49.1.jar;E:\Users\10051800\.m2\repository\com\google\protobuf\protobuf-java\3.25.5\protobuf-java-3.25.5.jar;E:\Users\10051800\.m2\repository\com\google\protobuf\protobuf-java-util\3.25.5\protobuf-java-util-3.25.5.jar;E:\Users\10051800\.m2\repository\io\grpc\grpc-core\1.70.0\grpc-core-1.70.0.jar;E:\Users\10051800\.m2\repository\com\google\android\annotations\4.1.1.4\annotations-4.1.1.4.jar;E:\Users\10051800\.m2\repository\org\codehaus\mojo\animal-sniffer-annotations\1.24\animal-sniffer-annotations-1.24.jar;E:\Users\10051800\.m2\repository\io\perfmark\perfmark-api\0.27.0\perfmark-api-0.27.0.jar;E:\Users\10051800\.m2\repository\io\grpc\grpc-protobuf\1.70.0\grpc-protobuf-1.70.0.jar;E:\Users\10051800\.m2\repository\io\grpc\grpc-protobuf-lite\1.70.0\grpc-protobuf-lite-1.70.0.jar;E:\Users\10051800\.m2\repository\com\google\api\grpc\proto-google-common-protos\2.54.1\proto-google-common-protos-2.54.1.jar;E:\Users\10051800\.m2\repository\org\threeten\threetenbp\1.7.0\threetenbp-1.7.0.jar;E:\Users\10051800\.m2\repository\com\google\api\grpc\proto-google-cloud-storage-v2\2.50.0\proto-google-cloud-storage-v2-2.50.0.jar;E:\Users\10051800\.m2\repository\com\google\api\grpc\grpc-google-cloud-storage-v2\2.50.0\grpc-google-cloud-storage-v2-2.50.0.jar;E:\Users\10051800\.m2\repository\com\google\api\grpc\gapic-google-cloud-storage-v2\2.50.0\gapic-google-cloud-storage-v2-2.50.0.jar;E:\Users\10051800\.m2\repository\io\opentelemetry\opentelemetry-sdk\1.49.0\opentelemetry-sdk-1.49.0.jar;E:\Users\10051800\.m2\repository\io\opentelemetry\opentelemetry-sdk-trace\1.49.0\opentelemetry-sdk-trace-1.49.0.jar;E:\Users\10051800\.m2\repository\io\opentelemetry\opentelemetry-sdk-logs\1.49.0\opentelemetry-sdk-logs-1.49.0.jar;E:\Users\10051800\.m2\repository\io\grpc\grpc-opentelemetry\1.70.0\grpc-opentelemetry-1.70.0.jar;E:\Users\10051800\.m2\repository\io\opentelemetry\opentelemetry-api\1.49.0\opentelemetry-api-1.49.0.jar;E:\Users\10051800\.m2\repository\io\opentelemetry\opentelemetry-sdk-metrics\1.49.0\opentelemetry-sdk-metrics-1.49.0.jar;E:\Users\10051800\.m2\repository\io\opentelemetry\opentelemetry-sdk-common\1.49.0\opentelemetry-sdk-common-1.49.0.jar;E:\Users\10051800\.m2\repository\io\opentelemetry\opentelemetry-sdk-extension-autoconfigure-spi\1.49.0\opentelemetry-sdk-extension-autoconfigure-spi-1.49.0.jar;E:\Users\10051800\.m2\repository\io\opentelemetry\semconv\opentelemetry-semconv\1.27.0-alpha\opentelemetry-semconv-1.27.0-alpha.jar;E:\Users\10051800\.m2\repository\com\google\cloud\opentelemetry\exporter-metrics\0.33.0\exporter-metrics-0.33.0.jar;E:\Users\10051800\.m2\repository\com\google\cloud\google-cloud-monitoring\3.52.0\google-cloud-monitoring-3.52.0.jar;E:\Users\10051800\.m2\repository\com\google\api\grpc\proto-google-cloud-monitoring-v3\3.52.0\proto-google-cloud-monitoring-v3-3.52.0.jar;E:\Users\10051800\.m2\repository\com\google\cloud\opentelemetry\shared-resourcemapping\0.33.0\shared-resourcemapping-0.33.0.jar;E:\Users\10051800\.m2\repository\io\opentelemetry\contrib\opentelemetry-gcp-resources\1.37.0-alpha\opentelemetry-gcp-resources-1.37.0-alpha.jar;E:\Users\10051800\.m2\repository\com\google\cloud\opentelemetry\detector-resources-support\0.33.0\detector-resources-support-0.33.0.jar;E:\Users\10051800\.m2\repository\org\checkerframework\checker-qual\3.49.0\checker-qual-3.49.0.jar;E:\Users\10051800\.m2\repository\io\grpc\grpc-api\1.70.0\grpc-api-1.70.0.jar;E:\Users\10051800\.m2\repository\io\grpc\grpc-netty-shaded\1.70.0\grpc-netty-shaded-1.70.0.jar;E:\Users\10051800\.m2\repository\io\grpc\grpc-util\1.70.0\grpc-util-1.70.0.jar;E:\Users\10051800\.m2\repository\io\grpc\grpc-stub\1.70.0\grpc-stub-1.70.0.jar;E:\Users\10051800\.m2\repository\io\grpc\grpc-googleapis\1.70.0\grpc-googleapis-1.70.0.jar;E:\Users\10051800\.m2\repository\io\grpc\grpc-xds\1.70.0\grpc-xds-1.70.0.jar;E:\Users\10051800\.m2\repository\io\grpc\grpc-services\1.70.0\grpc-services-1.70.0.jar;E:\Users\10051800\.m2\repository\com\google\re2j\re2j\1.7\re2j-1.7.jar;E:\Users\10051800\.m2\repository\io\grpc\grpc-rls\1.70.0\grpc-rls-1.70.0.jar;E:\Users\10051800\.m2\repository\com\google\cloud\google-cloud-firestore\3.30.11\google-cloud-firestore-3.30.11.jar;E:\Users\10051800\.m2\repository\com\google\api\grpc\proto-google-cloud-firestore-v1\3.30.11\proto-google-cloud-firestore-v1-3.30.11.jar;E:\Users\10051800\.m2\repository\com\google\cloud\proto-google-cloud-firestore-bundle-v1\3.30.11\proto-google-cloud-firestore-bundle-v1-3.30.11.jar;E:\Users\10051800\.m2\repository\io\opentelemetry\instrumentation\opentelemetry-grpc-1.6\2.1.0-alpha\opentelemetry-grpc-1.6-2.1.0-alpha.jar;E:\Users\10051800\.m2\repository\io\opentelemetry\instrumentation\opentelemetry-instrumentation-api\2.1.0\opentelemetry-instrumentation-api-2.1.0.jar;E:\Users\10051800\.m2\repository\io\opentelemetry\opentelemetry-extension-incubator\1.35.0-alpha\opentelemetry-extension-incubator-1.35.0-alpha.jar;E:\Users\10051800\.m2\repository\io\opentelemetry\instrumentation\opentelemetry-instrumentation-api-incubator\2.1.0-alpha\opentelemetry-instrumentation-api-incubator-2.1.0-alpha.jar;E:\Users\10051800\.m2\repository\com\google\guava\guava\33.4.0-jre\guava-33.4.0-jre.jar;E:\Users\10051800\.m2\repository\org\slf4j\slf4j-api\2.0.17\slf4j-api-2.0.17.jar;E:\Users\10051800\.m2\repository\io\netty\netty-codec-http\4.1.122.Final\netty-codec-http-4.1.122.Final.jar;E:\Users\10051800\.m2\repository\io\netty\netty-common\4.1.122.Final\netty-common-4.1.122.Final.jar;E:\Users\10051800\.m2\repository\io\netty\netty-buffer\4.1.122.Final\netty-buffer-4.1.122.Final.jar;E:\Users\10051800\.m2\repository\io\netty\netty-codec\4.1.122.Final\netty-codec-4.1.122.Final.jar;E:\Users\10051800\.m2\repository\io\netty\netty-handler\4.1.122.Final\netty-handler-4.1.122.Final.jar;E:\Users\10051800\.m2\repository\io\netty\netty-resolver\4.1.122.Final\netty-resolver-4.1.122.Final.jar;E:\Users\10051800\.m2\repository\io\netty\netty-transport-native-unix-common\4.1.122.Final\netty-transport-native-unix-common-4.1.122.Final.jar;E:\Users\10051800\.m2\repository\io\netty\netty-transport\4.1.122.Final\netty-transport-4.1.122.Final.jar;E:\Users\10051800\.m2\repository\org\apache\httpcomponents\client5\httpclient5\5.5\httpclient5-5.5.jar;E:\Users\10051800\.m2\repository\org\apache\httpcomponents\core5\httpcore5\5.3.4\httpcore5-5.3.4.jar;E:\Users\10051800\.m2\repository\org\apache\httpcomponents\core5\httpcore5-h2\5.3.4\httpcore5-h2-5.3.4.jar;E:\Users\10051800\.m2\repository\org\projectlombok\lombok\1.18.38\lombok-1.18.38.jar;E:\Users\10051800\.m2\repository\org\springframework\boot\spring-boot-starter-test\3.5.3\spring-boot-starter-test-3.5.3.jar;E:\Users\10051800\.m2\repository\org\springframework\boot\spring-boot-test\3.5.3\spring-boot-test-3.5.3.jar;E:\Users\10051800\.m2\repository\org\springframework\boot\spring-boot-test-autoconfigure\3.5.3\spring-boot-test-autoconfigure-3.5.3.jar;E:\Users\10051800\.m2\repository\com\jayway\jsonpath\json-path\2.9.0\json-path-2.9.0.jar;E:\Users\10051800\.m2\repository\jakarta\xml\bind\jakarta.xml.bind-api\4.0.2\jakarta.xml.bind-api-4.0.2.jar;E:\Users\10051800\.m2\repository\jakarta\activation\jakarta.activation-api\2.1.3\jakarta.activation-api-2.1.3.jar;E:\Users\10051800\.m2\repository\net\minidev\json-smart\2.5.2\json-smart-2.5.2.jar;E:\Users\10051800\.m2\repository\net\minidev\accessors-smart\2.5.2\accessors-smart-2.5.2.jar;E:\Users\10051800\.m2\repository\org\ow2\asm\asm\9.7.1\asm-9.7.1.jar;E:\Users\10051800\.m2\repository\org\assertj\assertj-core\3.27.3\assertj-core-3.27.3.jar;E:\Users\10051800\.m2\repository\net\bytebuddy\byte-buddy\1.17.6\byte-buddy-1.17.6.jar;E:\Users\10051800\.m2\repository\org\awaitility\awaitility\4.2.2\awaitility-4.2.2.jar;E:\Users\10051800\.m2\repository\org\hamcrest\hamcrest\3.0\hamcrest-3.0.jar;E:\Users\10051800\.m2\repository\org\junit\jupiter\junit-jupiter\5.12.2\junit-jupiter-5.12.2.jar;E:\Users\10051800\.m2\repository\org\junit\jupiter\junit-jupiter-api\5.12.2\junit-jupiter-api-5.12.2.jar;E:\Users\10051800\.m2\repository\org\opentest4j\opentest4j\1.3.0\opentest4j-1.3.0.jar;E:\Users\10051800\.m2\repository\org\junit\platform\junit-platform-commons\1.12.2\junit-platform-commons-1.12.2.jar;E:\Users\10051800\.m2\repository\org\apiguardian\apiguardian-api\1.1.2\apiguardian-api-1.1.2.jar;E:\Users\10051800\.m2\repository\org\junit\jupiter\junit-jupiter-params\5.12.2\junit-jupiter-params-5.12.2.jar;E:\Users\10051800\.m2\repository\org\junit\jupiter\junit-jupiter-engine\5.12.2\junit-jupiter-engine-5.12.2.jar;E:\Users\10051800\.m2\repository\org\junit\platform\junit-platform-engine\1.12.2\junit-platform-engine-1.12.2.jar;E:\Users\10051800\.m2\repository\org\mockito\mockito-core\5.17.0\mockito-core-5.17.0.jar;E:\Users\10051800\.m2\repository\net\bytebuddy\byte-buddy-agent\1.17.6\byte-buddy-agent-1.17.6.jar;E:\Users\10051800\.m2\repository\org\objenesis\objenesis\3.3\objenesis-3.3.jar;E:\Users\10051800\.m2\repository\org\mockito\mockito-junit-jupiter\5.17.0\mockito-junit-jupiter-5.17.0.jar;E:\Users\10051800\.m2\repository\org\skyscreamer\jsonassert\1.5.3\jsonassert-1.5.3.jar;E:\Users\10051800\.m2\repository\com\vaadin\external\google\android-json\0.0.20131108.vaadin1\android-json-0.0.20131108.vaadin1.jar;E:\Users\10051800\.m2\repository\org\springframework\spring-core\6.2.8\spring-core-6.2.8.jar;E:\Users\10051800\.m2\repository\org\springframework\spring-jcl\6.2.8\spring-jcl-6.2.8.jar;E:\Users\10051800\.m2\repository\org\springframework\spring-test\6.2.8\spring-test-6.2.8.jar;E:\Users\10051800\.m2\repository\org\xmlunit\xmlunit-core\2.10.2\xmlunit-core-2.10.2.jar;"/>
    <property name="sun.cpu.endian" value="little"/>
    <property name="user.home" value="E:\Users\10051800"/>
    <property name="user.language" value="es"/>
    <property name="java.specification.vendor" value="Oracle Corporation"/>
    <property name="java.version.date" value="2025-07-15"/>
    <property name="java.home" value="E:\Users\10051800\.jdks\ms-21.0.8"/>
    <property name="file.separator" value="\"/>
    <property name="basedir" value="E:\Users\10051800\Documents\Github personal\pokeback"/>
    <property name="style.color" value="always"/>
    <property name="java.vm.compressedOopsMode" value="Zero based"/>
    <property name="line.separator" value="&#10;"/>
    <property name="java.vm.specification.vendor" value="Oracle Corporation"/>
    <property name="java.specification.name" value="Java Platform API Specification"/>
    <property name="FILE_LOG_CHARSET" value="UTF-8"/>
    <property name="java.awt.headless" value="true"/>
    <property name="surefire.real.class.path" value="E:\Users\10051800\AppData\Local\Temp\surefire15743781063964407149\surefirebooter-20250915144133082_3.jar"/>
    <property name="user.script" value=""/>
    <property name="sun.management.compiler" value="HotSpot 64-Bit Tiered Compilers"/>
    <property name="java.runtime.version" value="21.0.8+9-LTS"/>
    <property name="user.name" value="10051800"/>
    <property name="stdout.encoding" value="Cp1252"/>
    <property name="path.separator" value=";"/>
    <property name="os.version" value="10.0"/>
    <property name="java.runtime.name" value="OpenJDK Runtime Environment"/>
    <property name="file.encoding" value="UTF-8"/>
    <property name="java.vm.name" value="OpenJDK 64-Bit Server VM"/>
    <property name="java.vendor.version" value="Microsoft-11933218"/>
    <property name="maven.ext.class.path" value="C:\Program Files\JetBrains\IntelliJ IDEA Community Edition 2025.2\plugins\maven\lib\maven-event-listener.jar"/>
    <property name="localRepository" value="E:\Users\10051800\.m2\repository"/>
    <property name="java.vendor.url.bug" value="https://github.com/microsoft/openjdk/issues"/>
    <property name="java.io.tmpdir" value="E:\Users\10051800\AppData\Local\Temp\"/>
    <property name="idea.version" value="2025.2"/>
    <property name="java.version" value="21.0.8"/>
    <property name="user.dir" value="E:\Users\10051800\Documents\Github personal\pokeback"/>
    <property name="os.arch" value="amd64"/>
    <property name="jansi.passthrough" value="true"/>
    <property name="java.vm.specification.name" value="Java Virtual Machine Specification"/>
    <property name="PID" value="31364"/>
    <property name="sun.os.patch.level" value=""/>
    <property name="CONSOLE_LOG_CHARSET" value="UTF-8"/>
    <property name="native.encoding" value="Cp1252"/>
    <property name="java.library.path" value="E:\Users\10051800\.jdks\ms-21.0.8\bin;C:\windows\Sun\Java\bin;C:\windows\system32;C:\windows;C:\Program Files\Common Files\Oracle\Java\javapath;C:\Program Files (x86)\Common Files\Oracle\Java\javapath;C:\windows\system32;C:\windows;C:\windows\System32\Wbem;C:\windows\System32\WindowsPowerShell\v1.0\;C:\windows\System32\OpenSSH\;C:\Program Files\dotnet\;C:\Program Files\Bandizip\;C:\Program Files\Git\cmd;C:\Program Files\nodejs\;C:\Program Files\Java\jdk-17\bin;C:\Program Files\Java\jdk1.8.0_202\bin;E:\Users\10051800\AppData\Local\Programs\Microsoft VS Code\bin;E:\Users\10051800\AppData\Local\GitHubDesktop\bin;E:\Users\10051800\AppData\Roaming\npm;E:\Users\10051800\AppData\Local\Programs\Windsurf\bin;."/>
    <property name="java.vm.info" value="mixed mode, sharing"/>
    <property name="stderr.encoding" value="Cp1252"/>
    <property name="java.vendor" value="Microsoft"/>
    <property name="java.vm.version" value="21.0.8+9-LTS"/>
    <property name="sun.io.unicode.encoding" value="UnicodeLittle"/>
    <property name="java.class.version" value="65.0"/>
    <property name="LOGGED_APPLICATION_NAME" value="[pokestop] "/>
  </properties>
  <testcase name="contextLoads" classname="dev.api.pokestop.PokestopApplicationTests" time="3.347">
    <system-out><![CDATA[Standard Commons Logging discovery in action with spring-jcl: please remove commons-logging.jar from classpath in order to avoid potential conflicts
14:41:38.986 [main] INFO org.springframework.test.context.support.AnnotationConfigContextLoaderUtils -- Could not detect default configuration classes for test class [dev.api.pokestop.PokestopApplicationTests]: PokestopApplicationTests does not declare any static, non-private, non-final, nested classes annotated with @Configuration.
14:41:39.136 [main] INFO org.springframework.boot.test.context.SpringBootTestContextBootstrapper -- Found @SpringBootConfiguration dev.api.pokestop.PokestopApplication for test class dev.api.pokestop.PokestopApplicationTests

  .   ____          _            __ _ _
 /\\ / ___'_ __ _ _(_)_ __  __ _ \ \ \ \
( ( )\___ | '_ | '_| | '_ \/ _` | \ \ \ \
 \\/  ___)| |_)| | | | | || (_| |  ) ) ) )
  '  |____| .__|_| |_|_| |_\__, | / / / /
 =========|_|==============|___/=/_/_/_/

 :: Spring Boot ::                (v3.5.3)

2025-09-15T14:41:39.474-06:00  INFO 31364 --- [pokestop] [           main] d.api.pokestop.PokestopApplicationTests  : Starting PokestopApplicationTests using Java 21.0.8 with PID 31364 (started by 10051800 in E:\Users\10051800\Documents\Github personal\pokeback)
2025-09-15T14:41:39.475-06:00  INFO 31364 --- [pokestop] [           main] d.api.pokestop.PokestopApplicationTests  : No active profile set, falling back to 1 default profile: "default"
Firebase inicializado correctamente desde application.properties.
2025-09-15T14:41:45.850-06:00  INFO 31364 --- [pokestop] [           main] d.api.pokestop.PokestopApplicationTests  : Started PokestopApplicationTests in 6.592 seconds (process running for 7.864)
]]></system-out>
    <system-err><![CDATA[Mockito is currently self-attaching to enable the inline-mock-maker. This will no longer work in future releases of the JDK. Please add Mockito as an agent to your build as described in Mockito's documentation: https://javadoc.io/doc/org.mockito/mockito-core/latest/org.mockito/org/mockito/Mockito.html#0.3
WARNING: A Java agent has been loaded dynamically (E:\Users\10051800\.m2\repository\net\bytebuddy\byte-buddy-agent\1.17.6\byte-buddy-agent-1.17.6.jar)
WARNING: If a serviceability tool is in use, please run with -XX:+EnableDynamicAgentLoading to hide this warning
WARNING: If a serviceability tool is not in use, please run with -Djdk.instrument.traceUsage for more information
WARNING: Dynamic loading of agents will be disallowed by default in a future release
]]></system-err>
  </testcase>
</testsuite>